[17:06:49] [main/INFO]: Environment: authHost='https://authserver.mojang.com', accountsHost='https://api.mojang.com', sessionHost='https://sessionserver.mojang.com', servicesHost='https://api.minecraftservices.com', name='PROD'
[17:06:49] [main/INFO]: Reloading ResourceManager: Default, bukkit
[17:06:50] [Worker-Main-1/INFO]: Loaded 7 recipes
[17:06:51] [Server thread/INFO]: Starting minecraft server version 1.17.1
[17:06:51] [Server thread/INFO]: Loading properties
[17:06:51] [Server thread/INFO]: This server is running Paper version git-Paper-327 (MC: 1.17.1) (Implementing API version 1.17.1-R0.1-SNAPSHOT) (Git: 8575248)
[17:06:51] [Server thread/INFO]: Server Ping Player Sample Count: 12
[17:06:51] [Server thread/INFO]: Using 4 threads for Netty based IO
[17:06:51] [Server thread/INFO]: Default game type: SURVIVAL
[17:06:51] [Server thread/INFO]: Generating keypair
[17:06:51] [Server thread/INFO]: Starting Minecraft server on 51.222.244.137:25714
[17:06:51] [Server thread/INFO]: Using epoll channel type
[17:06:51] [Server thread/INFO]: Paper: Using libdeflate (Linux x86_64) compression from Velocity.
[17:06:51] [Server thread/INFO]: Paper: Using OpenSSL 1.0.x (Linux x86_64) cipher from Velocity.
[17:06:51] [Server thread/ERROR]: Ambiguous plugin name `HolographicDisplays' for files `plugins/HolographicDisplays.jar' and `plugins/HolographicDisplays-2.4.1-Build98.jar' in `plugins'
[17:06:53] [Server thread/ERROR]: [STDERR] [org.bukkit.craftbukkit.v1_17_R1.legacy.CraftLegacy] Initializing Legacy Material Support. Unless you have legacy plugins and/or data this is a bug!
[17:06:56] [Server thread/WARN]: Legacy plugin ServerListPlus v3.4.8 does not specify an api-version.
[17:06:57] [Server thread/INFO]: [CoreProtect] Loading CoreProtect v2.17.5
[17:06:57] [Server thread/INFO]: [LuckPerms] Loading LuckPerms v5.3.69
[17:06:57] [Server thread/INFO]: [PlaceholderAPI] Loading PlaceholderAPI v2.10.4
[17:06:57] [Server thread/INFO]: [HolographicDisplays] Loading HolographicDisplays v2.4.9
[17:06:57] [Server thread/INFO]: [Vault] Loading Vault v1.7.3-b131
[17:06:57] [Server thread/INFO]: [ServerListPlus] Loading ServerListPlus v3.4.8
[17:06:57] [Server thread/INFO]: [Multiverse-Core] Loading Multiverse-Core v4.3.1-b861
[17:06:57] [Server thread/INFO]: [WorldEdit] Loading WorldEdit v7.2.6+4b2d1e7
[17:06:57] [Server thread/INFO]: Got request to register class com.sk89q.worldedit.bukkit.BukkitServerInterface with WorldEdit [com.sk89q.worldedit.extension.platform.PlatformManager@ee99069]
[17:06:57] [Server thread/INFO]: [Essentials] Loading Essentials v2.17.1.29
[17:06:57] [Server thread/INFO]: [EssentialsChat] Loading EssentialsChat v2.17.1.29
[17:06:57] [Server thread/INFO]: [TAB] Loading TAB v2.9.2
[17:06:57] [Server thread/INFO]: [EssentialsSpawn] Loading EssentialsSpawn v2.17.1.29
[17:06:57] [Server thread/INFO]: [WorldGuard] Loading WorldGuard v7.0.6+1cff55f
[17:06:57] [Server thread/INFO]: [Citizens] Loading Citizens v2.0.28-SNAPSHOT (build 2388)
[17:06:57] [Server thread/INFO]: [BuildBattle] Loading BuildBattle v4.5.2-dev16
[17:06:57] [Server thread/INFO]: Server permissions file permissions.yml is empty, ignoring it
[17:06:57] [Server thread/INFO]: [LuckPerms] Enabling LuckPerms v5.3.69
[17:06:57] [Server thread/INFO]:         __    
[17:06:57] [Server thread/INFO]:   |    |__)   LuckPerms v5.3.69
[17:06:57] [Server thread/INFO]:   |___ |      Running on Bukkit - Paper
[17:06:57] [Server thread/INFO]: 
[17:06:57] [Server thread/INFO]: [LuckPerms] Loading configuration...
[17:06:57] [Server thread/INFO]: [LuckPerms] Loading storage provider... [H2]
[17:06:58] [Server thread/INFO]: [LuckPerms] Loading internal permission managers...
[17:06:58] [Server thread/INFO]: [LuckPerms] Performing initial data load...
[17:06:58] [Server thread/INFO]: [LuckPerms] Successfully enabled. (took 727ms)
[17:06:58] [Server thread/INFO]: [Vault] Enabling Vault v1.7.3-b131
[17:06:58] [Server thread/WARN]: [Vault] Loaded class com.earth2me.essentials.api.Economy from Essentials v2.17.1.29 which is not a depend, softdepend or loadbefore of this plugin.
[17:06:58] [Server thread/INFO]: [Vault] [Economy] Essentials Economy found: Waiting
[17:06:58] [Server thread/INFO]: [Vault] [Permission] SuperPermissions loaded as backup permission system.
[17:06:58] [Server thread/INFO]: [Vault] Enabled Version 1.7.3-b131
[17:06:58] [Server thread/INFO]: [LuckPerms] Registered Vault permission & chat hook.
[17:06:58] [Server thread/INFO]: [WorldEdit] Enabling WorldEdit v7.2.6+4b2d1e7
[17:06:58] [Server thread/INFO]: Registering commands with com.sk89q.worldedit.bukkit.BukkitServerInterface
[17:06:58] [Server thread/INFO]: WEPIF: Vault detected! Using Vault for permissions
[17:06:58] [Server thread/INFO]: Using com.sk89q.worldedit.bukkit.adapter.impl.Spigot_v1_17_R1_2 as the Bukkit adapter
[17:06:59] [Server thread/INFO]: Preparing level "buildbattle_world"
[17:06:59] [Server thread/INFO]: -------- World Settings For [buildbattle_world] --------
[17:06:59] [Server thread/INFO]: Cactus Growth Modifier: 100%
[17:06:59] [Server thread/INFO]: Cane Growth Modifier: 100%
[17:06:59] [Server thread/INFO]: Melon Growth Modifier: 100%
[17:06:59] [Server thread/INFO]: Mushroom Growth Modifier: 100%
[17:06:59] [Server thread/INFO]: Pumpkin Growth Modifier: 100%
[17:06:59] [Server thread/INFO]: Sapling Growth Modifier: 100%
[17:06:59] [Server thread/INFO]: Beetroot Growth Modifier: 100%
[17:06:59] [Server thread/INFO]: Carrot Growth Modifier: 100%
[17:06:59] [Server thread/INFO]: Potato Growth Modifier: 100%
[17:06:59] [Server thread/INFO]: Wheat Growth Modifier: 100%
[17:06:59] [Server thread/INFO]: NetherWart Growth Modifier: 100%
[17:06:59] [Server thread/INFO]: Vine Growth Modifier: 100%
[17:06:59] [Server thread/INFO]: Cocoa Growth Modifier: 100%
[17:06:59] [Server thread/INFO]: Bamboo Growth Modifier: 100%
[17:06:59] [Server thread/INFO]: SweetBerry Growth Modifier: 100%
[17:06:59] [Server thread/INFO]: Kelp Growth Modifier: 100%
[17:06:59] [Server thread/INFO]: Entity Activation Range: An 32 / Mo 32 / Ra 48 / Mi 16 / Tiv true
[17:06:59] [Server thread/INFO]: Hopper Transfer: 8 Hopper Check: 1 Hopper Amount: 1
[17:06:59] [Server thread/INFO]: Experience Merge Radius: 3.0
[17:06:59] [Server thread/INFO]: Custom Map Seeds:  Village: 10387312 Desert: 14357617 Igloo: 14357618 Jungle: 14357619 Swamp: 14357620 Monument: 10387313 Ocean: 14357621 Shipwreck: 165745295 End City: 10387313 Slime: 987234911 Bastion: 30084232 Fortress: 30084232 Mansion: 10387319 Fossil: 14357921 Portal: 34222645
[17:06:59] [Server thread/INFO]: Max TNT Explosions: 100
[17:06:59] [Server thread/INFO]: Tile Max Tick Time: 50ms Entity max Tick Time: 50ms
[17:06:59] [Server thread/INFO]: Entity Tracking Range: Pl 48 / An 48 / Mo 48 / Mi 32 / Other 64
[17:06:59] [Server thread/INFO]: Allow Zombie Pigmen to spawn from portal blocks: true
[17:06:59] [Server thread/INFO]: Item Merge Radius: 2.5
[17:06:59] [Server thread/INFO]: Item Despawn Rate: 6000
[17:06:59] [Server thread/INFO]: View Distance: 10
[17:06:59] [Server thread/INFO]: Arrow Despawn Rate: 1200 Trident Respawn Rate:1200
[17:06:59] [Server thread/INFO]: Zombie Aggressive Towards Villager: true
[17:06:59] [Server thread/INFO]: Nerfing mobs spawned from spawners: false
[17:06:59] [Server thread/INFO]: Mob Spawn Range: 8
[17:06:59] [Server thread/INFO]: Preparing start region for dimension minecraft:overworld
[17:07:00] [Server thread/INFO]: Preparing spawn area: 0%
[17:07:00] [Server thread/INFO]: Preparing spawn area: 0%
[17:07:00] [Server thread/INFO]: Time elapsed: 678 ms
[17:07:00] [Server thread/INFO]: [CoreProtect] Enabling CoreProtect v2.17.5
[17:07:01] [Server thread/INFO]: [CoreProtect] [STDOUT] [CoreProtect] Invalid WorldEdit version found.
[17:07:01] [Server thread/WARN]: Nag author(s): '[Intelli]' of 'CoreProtect' about their usage of System.out/err.print. Please use your plugin's logger instead (JavaPlugin#getLogger).
[17:07:01] [Server thread/INFO]: [CoreProtect] [STDOUT] [CoreProtect] CoreProtect has been successfully enabled!
[17:07:01] [Server thread/INFO]: [CoreProtect] [STDOUT] [CoreProtect] Using SQLite for data storage.
[17:07:01] [Server thread/INFO]: [PlaceholderAPI] Enabling PlaceholderAPI v2.10.4
[17:07:01] [Server thread/INFO]: [PlaceholderAPI] Fetching available expansion information...
[17:07:01] [Server thread/INFO]: [HolographicDisplays] Enabling HolographicDisplays v2.4.9
[17:07:01] [Server thread/INFO]: [ServerListPlus] Enabling ServerListPlus v3.4.8*
[17:07:01] [Server thread/ERROR]: [ServerListPlus] ProtocolLib IS NOT INSTALLED! Most features will NOT work!
[17:07:01] [Server thread/INFO]: [ServerListPlus] [Core] Reloading configuration...
[17:07:01] [Server thread/INFO]: [ServerListPlus] [Core] Loaded configuration: ServerStatusConf
[17:07:01] [Server thread/INFO]: [ServerListPlus] [Core] Loaded configuration: PluginConf
[17:07:01] [Server thread/ERROR]: [ServerListPlus] ProtocolLib IS NOT INSTALLED! Most features will NOT work!
[17:07:01] [Server thread/INFO]: [ServerListPlus] [Core] Reloading saved player identities...
[17:07:01] [Server thread/INFO]: [ServerListPlus] Successfully loaded!
[17:07:01] [Server thread/INFO]: [ServerListPlus] ServerListPlus v3.4.8 enabled.
[17:07:01] [Server thread/INFO]: [Multiverse-Core] Enabling Multiverse-Core v4.3.1-b861
[17:07:01] [Server thread/WARN]: [Multiverse-Core] "Multiverse-Core v4.3.1-b861" has registered a listener for org.bukkit.event.entity.EntityCreatePortalEvent on method "public void com.onarandombox.MultiverseCore.listeners.MVPortalListener.entityPortalCreate(org.bukkit.event.entity.EntityCreatePortalEvent)", but the event is Deprecated. "Server performance will be affected"; please notify the authors [dumptruckman, Rigby, fernferret, lithium3141, main--].
[17:07:01] [Server thread/INFO]: [Multiverse-Core] We are aware of the warning about the deprecated event. There is no alternative that allows us to do what we need to do and performance impact is negligible. It is safe to ignore.
[17:07:01] [Server thread/INFO]: -------- World Settings For [candyland] --------
[17:07:01] [Server thread/INFO]: Cactus Growth Modifier: 100%
[17:07:01] [Server thread/INFO]: Cane Growth Modifier: 100%
[17:07:01] [Server thread/INFO]: Melon Growth Modifier: 100%
[17:07:01] [Server thread/INFO]: Mushroom Growth Modifier: 100%
[17:07:01] [Server thread/INFO]: Pumpkin Growth Modifier: 100%
[17:07:01] [Server thread/INFO]: Sapling Growth Modifier: 100%
[17:07:01] [Server thread/INFO]: Beetroot Growth Modifier: 100%
[17:07:01] [Server thread/INFO]: Carrot Growth Modifier: 100%
[17:07:01] [Server thread/INFO]: Potato Growth Modifier: 100%
[17:07:01] [Server thread/INFO]: Wheat Growth Modifier: 100%
[17:07:01] [Server thread/INFO]: NetherWart Growth Modifier: 100%
[17:07:01] [Server thread/INFO]: Vine Growth Modifier: 100%
[17:07:01] [Server thread/INFO]: Cocoa Growth Modifier: 100%
[17:07:01] [Server thread/INFO]: Bamboo Growth Modifier: 100%
[17:07:01] [Server thread/INFO]: SweetBerry Growth Modifier: 100%
[17:07:01] [Server thread/INFO]: Kelp Growth Modifier: 100%
[17:07:01] [Server thread/INFO]: Entity Activation Range: An 32 / Mo 32 / Ra 48 / Mi 16 / Tiv true
[17:07:01] [Server thread/INFO]: Hopper Transfer: 8 Hopper Check: 1 Hopper Amount: 1
[17:07:01] [Server thread/INFO]: Experience Merge Radius: 3.0
[17:07:01] [Server thread/INFO]: Custom Map Seeds:  Village: 10387312 Desert: 14357617 Igloo: 14357618 Jungle: 14357619 Swamp: 14357620 Monument: 10387313 Ocean: 14357621 Shipwreck: 165745295 End City: 10387313 Slime: 987234911 Bastion: 30084232 Fortress: 30084232 Mansion: 10387319 Fossil: 14357921 Portal: 34222645
[17:07:01] [Server thread/INFO]: Max TNT Explosions: 100
[17:07:01] [Server thread/INFO]: Tile Max Tick Time: 50ms Entity max Tick Time: 50ms
[17:07:01] [Server thread/INFO]: Entity Tracking Range: Pl 48 / An 48 / Mo 48 / Mi 32 / Other 64
[17:07:01] [Server thread/INFO]: Allow Zombie Pigmen to spawn from portal blocks: true
[17:07:01] [Server thread/INFO]: Item Merge Radius: 2.5
[17:07:01] [Server thread/INFO]: Item Despawn Rate: 6000
[17:07:01] [Server thread/INFO]: View Distance: 10
[17:07:01] [Server thread/INFO]: Arrow Despawn Rate: 1200 Trident Respawn Rate:1200
[17:07:01] [Server thread/INFO]: Zombie Aggressive Towards Villager: true
[17:07:01] [Server thread/INFO]: Nerfing mobs spawned from spawners: false
[17:07:01] [Server thread/INFO]: Mob Spawn Range: 8
[17:07:01] [Server thread/INFO]: Preparing start region for dimension minecraft:candyland
[17:07:01] [Server thread/INFO]: Preparing spawn area: 0%
[17:07:02] [Server thread/INFO]: Time elapsed: 494 ms
[17:07:02] [Server thread/INFO]: -------- World Settings For [abstract] --------
[17:07:02] [Server thread/INFO]: Cactus Growth Modifier: 100%
[17:07:02] [Server thread/INFO]: Cane Growth Modifier: 100%
[17:07:02] [Server thread/INFO]: Melon Growth Modifier: 100%
[17:07:02] [Server thread/INFO]: Mushroom Growth Modifier: 100%
[17:07:02] [Server thread/INFO]: Pumpkin Growth Modifier: 100%
[17:07:02] [Server thread/INFO]: Sapling Growth Modifier: 100%
[17:07:02] [Server thread/INFO]: Beetroot Growth Modifier: 100%
[17:07:02] [Server thread/INFO]: Carrot Growth Modifier: 100%
[17:07:02] [Server thread/INFO]: Potato Growth Modifier: 100%
[17:07:02] [Server thread/INFO]: Wheat Growth Modifier: 100%
[17:07:02] [Server thread/INFO]: NetherWart Growth Modifier: 100%
[17:07:02] [Server thread/INFO]: Vine Growth Modifier: 100%
[17:07:02] [Server thread/INFO]: Cocoa Growth Modifier: 100%
[17:07:02] [Server thread/INFO]: Bamboo Growth Modifier: 100%
[17:07:02] [Server thread/INFO]: SweetBerry Growth Modifier: 100%
[17:07:02] [Server thread/INFO]: Kelp Growth Modifier: 100%
[17:07:02] [Server thread/INFO]: Entity Activation Range: An 32 / Mo 32 / Ra 48 / Mi 16 / Tiv true
[17:07:02] [Server thread/INFO]: Hopper Transfer: 8 Hopper Check: 1 Hopper Amount: 1
[17:07:02] [Server thread/INFO]: Experience Merge Radius: 3.0
[17:07:02] [Server thread/INFO]: Custom Map Seeds:  Village: 10387312 Desert: 14357617 Igloo: 14357618 Jungle: 14357619 Swamp: 14357620 Monument: 10387313 Ocean: 14357621 Shipwreck: 165745295 End City: 10387313 Slime: 987234911 Bastion: 30084232 Fortress: 30084232 Mansion: 10387319 Fossil: 14357921 Portal: 34222645
[17:07:02] [Server thread/INFO]: Max TNT Explosions: 100
[17:07:02] [Server thread/INFO]: Tile Max Tick Time: 50ms Entity max Tick Time: 50ms
[17:07:02] [Server thread/INFO]: Entity Tracking Range: Pl 48 / An 48 / Mo 48 / Mi 32 / Other 64
[17:07:02] [Server thread/INFO]: Allow Zombie Pigmen to spawn from portal blocks: true
[17:07:02] [Server thread/INFO]: Item Merge Radius: 2.5
[17:07:02] [Server thread/INFO]: Item Despawn Rate: 6000
[17:07:02] [Server thread/INFO]: View Distance: 10
[17:07:02] [Server thread/INFO]: Arrow Despawn Rate: 1200 Trident Respawn Rate:1200
[17:07:02] [Server thread/INFO]: Zombie Aggressive Towards Villager: true
[17:07:02] [Server thread/INFO]: Nerfing mobs spawned from spawners: false
[17:07:02] [Server thread/INFO]: Mob Spawn Range: 8
[17:07:02] [Server thread/INFO]: Preparing start region for dimension minecraft:abstract
[17:07:02] [Server thread/INFO]: Preparing spawn area: 0%
[17:07:02] [Server thread/INFO]: Preparing spawn area: 0%
[17:07:02] [Server thread/INFO]: Time elapsed: 506 ms
[17:07:02] [Server thread/INFO]: [Multiverse-Core] 3 - World(s) loaded.
[17:07:02] [Server thread/WARN]: [Multiverse-Core] Buscript failed to load! The script command will be disabled! If you would like not to see this message, use `/mv conf enablebuscript false` to disable Buscript from loading.
[17:07:02] [Server thread/INFO]: [Multiverse-Core] Version 4.3.1-b861 (API v24) Enabled - By dumptruckman, Rigby, fernferret, lithium3141 and main--
[17:07:02] [Server thread/INFO]: [Essentials] Enabling Essentials v2.17.1.29
[17:07:02] [Server thread/ERROR]: [Essentials] You are running an unsupported server version!
[17:07:02] [Server thread/INFO]: [Essentials] Attempting to convert old kits in config.yml to new kits.yml
[17:07:02] [Server thread/INFO]: [Essentials] No kits found to migrate.
[17:07:02] [Server thread/INFO]: [Essentials] Using 1.8.3+ BlockStateMeta provider as mob spawner provider.
[17:07:02] [Server thread/INFO]: [Essentials] Using 1.13+ flat spawn egg provider as spawn egg provider.
[17:07:02] [Server thread/INFO]: [Essentials] Using 1.9+ BasePotionData provider as potion meta provider.
[17:07:03] [Server thread/INFO]: [Essentials] Loaded 20977 items from items.json.
[17:07:03] [Server thread/INFO]: [Essentials] Using locale en_US
[17:07:03] [Server thread/INFO]: [Essentials] ServerListPingEvent: Spigot iterator API
[17:07:03] [Server thread/INFO]: [Essentials] Starting Metrics. Opt-out using the global bStats config.
[17:07:03] [Server thread/INFO]: [Vault] [Economy] Essentials Economy hooked.
[17:07:03] [Server thread/INFO]: [Essentials] Using Vault based permissions (LuckPerms)
[17:07:03] [Server thread/INFO]: [EssentialsChat] Enabling EssentialsChat v2.17.1.29
[17:07:03] [Server thread/INFO]: [TAB] Enabling TAB v2.9.2
[17:07:03] [Server thread/INFO]: [TAB] Server version: 1.17.1 (v1_17_R1)
[17:07:03] [Server thread/INFO]: [TAB] File plugins/TAB/errors.log exists and is not empty. Take a look at the error messages and try to resolve them. After you do, delete the file.
[17:07:03] [Server thread/INFO]: [TAB] There was 1 startup warning.
[17:07:03] [Server thread/INFO]: [TAB] Enabled in 40ms
[17:07:03] [Server thread/INFO]: [EssentialsSpawn] Enabling EssentialsSpawn v2.17.1.29
[17:07:03] [Server thread/INFO]: [WorldGuard] Enabling WorldGuard v7.0.6+1cff55f
[17:07:03] [Server thread/INFO]: [WorldGuard] (buildbattle_world) TNT ignition is PERMITTED.
[17:07:03] [Server thread/INFO]: [WorldGuard] (buildbattle_world) Lighters are PERMITTED.
[17:07:03] [Server thread/INFO]: [WorldGuard] (buildbattle_world) Lava fire is PERMITTED.
[17:07:03] [Server thread/INFO]: [WorldGuard] (buildbattle_world) Fire spread is UNRESTRICTED.
[17:07:03] [Server thread/INFO]: [WorldGuard] Loaded configuration for world 'buildbattle_world'
[17:07:03] [Server thread/INFO]: [WorldGuard] (candyland) TNT ignition is PERMITTED.
[17:07:03] [Server thread/INFO]: [WorldGuard] (candyland) Lighters are PERMITTED.
[17:07:03] [Server thread/INFO]: [WorldGuard] (candyland) Lava fire is PERMITTED.
[17:07:03] [Server thread/INFO]: [WorldGuard] (candyland) Fire spread is UNRESTRICTED.
[17:07:03] [Server thread/INFO]: [WorldGuard] Loaded configuration for world 'candyland'
[17:07:03] [Server thread/INFO]: [WorldGuard] (abstract) TNT ignition is PERMITTED.
[17:07:03] [Server thread/INFO]: [WorldGuard] (abstract) Lighters are PERMITTED.
[17:07:03] [Server thread/INFO]: [WorldGuard] (abstract) Lava fire is PERMITTED.
[17:07:03] [Server thread/INFO]: [WorldGuard] (abstract) Fire spread is UNRESTRICTED.
[17:07:03] [Server thread/INFO]: [WorldGuard] Loaded configuration for world 'abstract'
[17:07:03] [Server thread/INFO]: [WorldGuard] Loading region data...
[17:07:03] [Server thread/INFO]: [Citizens] Enabling Citizens v2.0.28-SNAPSHOT (build 2388)
[17:07:03] [Server thread/INFO]: [BuildBattle] Enabling BuildBattle v4.5.2-dev16
[17:07:03] [Server thread/INFO]: [BuildBattle] Connecting to services, please wait! Server may freeze a bit!
[17:07:05] [Server thread/WARN]: [BuildBattle] Plugily Projects services aren't online or inaccessible from your location!
[17:07:05] [Server thread/INFO]: [Build Battle] Loaded locale English (English ID: en_GB) by Plajer
[17:07:05] [Server thread/INFO]: [Build Battle] Locales cannot be downloaded because API website is unreachable, locales will be disabled.
[17:07:06] [Server thread/INFO]: [BuildBattle] -_-_-_--_-_-_--_-_-_--_-_-_--_-_-_--_-_-_--_-_-_--_-_-_--_-_-_--_-_-_--_-_-_--_-_-_--_-_-_--_-_-_--_-_-_--_-_-_-
[17:07:06] [Server thread/INFO]: [BuildBattle] 
[17:07:06] [Server thread/INFO]: [BuildBattle] Versions: 
[17:07:06] [Server thread/INFO]: [BuildBattle] Plugin: 4.5.2-dev16 | Server: git-Paper-327 (MC: 1.17.1) | Detected: v1_17_R1 | Software: Paper | Java: 16.0.1
[17:07:06] [Server thread/INFO]: [BuildBattle] 
[17:07:06] [Server thread/INFO]: [BuildBattle] This plugin was created by Plugily Projects as part of an open source project ( https://donate.plugily.xyz )
[17:07:06] [Server thread/INFO]: [BuildBattle] 
[17:07:06] [Server thread/INFO]: [BuildBattle][DEV] We recognize that this is a dev build
[17:07:06] [Server thread/INFO]: [BuildBattle][DEV] !!!DO NOT USE THIS ON PRODUCTION!!!
[17:07:06] [Server thread/INFO]: [BuildBattle][DEV] Dev builds are just for test purposes and we do not provide any support to them!
[17:07:06] [Server thread/INFO]: [BuildBattle] 
[17:07:06] [Server thread/INFO]: [BuildBattle][SUPPORT] If you have any problems, you can always contact us on our Discord server! ( https://discord.plugily.xyz )
[17:07:06] [Server thread/INFO]: [BuildBattle][SUPPORT] You can also check out our wiki at https://wiki.plugily.xyz
[17:07:06] [Server thread/INFO]: [BuildBattle] 
[17:07:06] [Server thread/INFO]: [BuildBattle]                               The plugin got fully enabled! Enjoy the plugin ;)
[17:07:06] [Server thread/INFO]: [BuildBattle] -_-_-_--_-_-_--_-_-_--_-_-_--_-_-_--_-_-_--_-_-_--_-_-_--_-_-_--_-_-_--_-_-_--_-_-_--_-_-_--_-_-_--_-_-_--_-_-_-
[17:07:06] [Server thread/INFO]: [PlaceholderAPI] Placeholder expansion registration initializing...
[17:07:06] [Server thread/INFO]: Running delayed init tasks
[17:07:06] [Craft Scheduler Thread - 2 - PlaceholderAPI/INFO]: [PlaceholderAPI] 187 placeholder expansions are available on the cloud.
[17:07:07] [Server thread/INFO]: [Citizens] Loaded 2 NPCs.
[17:07:07] [Server thread/INFO]: Done (15.757s)! For help, type "help"
[17:07:07] [Server thread/INFO]: Timings Reset
[17:07:07] [Craft Scheduler Thread - 2 - Vault/INFO]: [Vault] Checking for Updates ... 
[17:07:07] [Craft Scheduler Thread - 2 - Vault/INFO]: [Vault] No new version available
[17:07:07] [Thread-17/INFO]: [CoreProtect] [STDOUT] --------------------
[17:07:07] [Thread-17/INFO]: [CoreProtect] [STDOUT] [CoreProtect] Version 20.1 is now available.
[17:07:07] [Thread-17/INFO]: [CoreProtect] [STDOUT] [CoreProtect] Download: www.coreprotect.net/download/
[17:07:07] [Thread-17/INFO]: [CoreProtect] [STDOUT] --------------------
[17:07:07] [Thread-17/INFO]: [CoreProtect] [STDOUT] [Sponsor] Unlimited Minecraft Hosting: hosthorde.com
[17:07:07] [Thread-17/INFO]: [CoreProtect] [STDOUT] --------------------
[17:10:08] [Server thread/INFO]: CONSOLE issued server command: /list 
[17:10:08] [Server thread/INFO]: There are 0 out of maximum 2,021 players online.
